\BOOKMARK [1][-]{section*.1}{List\040of\040publications}{}% 1
\BOOKMARK [1][-]{section*.2}{Acknowledgements}{}% 2
\BOOKMARK [1][-]{section*.3}{Populärvetenskaplig sammanfattning på svenska}{}% 3
\BOOKMARK [0][-]{chapter*.4}{Production\040of\040strangeness\040in\040partonic\040interactions\040at\040the\040LHC\040}{}% 4
\BOOKMARK [-1][-]{part.1}{I\040Fundamental\040theory}{}% 5
\BOOKMARK [0][-]{chapter.1}{Introduction\040to\040quantum\040chromodynamics}{part.1}% 6
\BOOKMARK [1][-]{section.1.1}{Standard\040Model\040of\040elementary\040particles}{chapter.1}% 7
\BOOKMARK [1][-]{section.1.2}{Coordinate\040systems\040and\040kinematic\040observables}{chapter.1}% 8
\BOOKMARK [1][-]{section.1.3}{Quantum\040electrodynamics,\040electrons,\040and\040photons}{chapter.1}% 9
\BOOKMARK [1][-]{section.1.4}{Quantum\040chromodynamics,\040quarks,\040and\040gluons}{chapter.1}% 10
\BOOKMARK [1][-]{section.1.5}{From\040partons\040to\040hadrons}{chapter.1}% 11
\BOOKMARK [2][-]{subsection.1.5.1}{Initial\040and\040Final\040State\040Radiation}{section.1.5}% 12
\BOOKMARK [2][-]{subsection.1.5.2}{Factorisation\040theorem}{section.1.5}% 13
\BOOKMARK [2][-]{subsection.1.5.3}{Parton\040distribution\040functions}{section.1.5}% 14
\BOOKMARK [2][-]{subsection.1.5.4}{Parton\040fragmentation\040and\040the\040Lund\040string}{section.1.5}% 15
\BOOKMARK [1][-]{section.1.6}{Multiple\040partonic\040interactions}{chapter.1}% 16
\BOOKMARK [2][-]{subsection.1.6.1}{Colour\040reconnection}{section.1.6}% 17
\BOOKMARK [1][-]{section.1.7}{Underlying\040event}{chapter.1}% 18
\BOOKMARK [1][-]{section.1.8}{From\040hadrons\040to\040partons:\040deconfined\040QCD\040matter}{chapter.1}% 19
\BOOKMARK [2][-]{subsection.1.8.1}{Bag\040model\040of\040hadrons}{section.1.8}% 20
\BOOKMARK [2][-]{subsection.1.8.2}{Lattice\040QCD}{section.1.8}% 21
\BOOKMARK [2][-]{subsection.1.8.3}{QCD\040phase\040diagram,\040chiral\040symmetry\040restoration}{section.1.8}% 22
\BOOKMARK [0][-]{chapter.2}{QCD\040phenomena\040in\040high\040energy\040hadronic\040collisions}{part.1}% 23
\BOOKMARK [1][-]{section.2.1}{Collisions\040of\040heavy\040nuclei}{chapter.2}% 24
\BOOKMARK [2][-]{subsection.2.1.1}{Collision\040geometry,\040centrality,\040multiplicity}{section.2.1}% 25
\BOOKMARK [2][-]{subsection.2.1.2}{MC\040Glauber\040model}{section.2.1}% 26
\BOOKMARK [1][-]{section.2.2}{Quark-gluon\040plasma}{chapter.2}% 27
\BOOKMARK [2][-]{subsection.2.2.1}{Quarkonium\040dissociation\040and\040sequential\040suppression}{section.2.2}% 28
\BOOKMARK [2][-]{subsection.2.2.2}{Strangeness\040enhancement}{section.2.2}% 29
\BOOKMARK [2][-]{subsection.2.2.3}{Collective\040flow}{section.2.2}% 30
\BOOKMARK [2][-]{subsection.2.2.4}{Jet\040quenching}{section.2.2}% 31
\BOOKMARK [2][-]{subsection.2.2.5}{Cold\040nuclear\040matter\040effects}{section.2.2}% 32
\BOOKMARK [1][-]{section.2.3}{QGP\040phenomena\040in\040small\040systems}{chapter.2}% 33
\BOOKMARK [2][-]{subsection.2.3.1}{Role\040of\040multiplicity}{section.2.3}% 34
\BOOKMARK [1][-]{section.2.4}{Phenomenological\040models}{chapter.2}% 35
\BOOKMARK [2][-]{subsection.2.4.1}{Pythia}{section.2.4}% 36
\BOOKMARK [2][-]{subsection.2.4.2}{String\040interactions\040and\040Ropes}{section.2.4}% 37
\BOOKMARK [2][-]{subsection.2.4.3}{EPOS\040LHC}{section.2.4}% 38
\BOOKMARK [-1][-]{part.2}{II\040Experimental\040Setup\040and\040Methodology}{}% 39
\BOOKMARK [0][-]{chapter.3}{ALICE's\040adventures\040at\040the\040LHC}{part.2}% 40
\BOOKMARK [0][-]{chapter.4}{Events,\040Tracks,\040and\040Vertices}{part.2}% 41
\BOOKMARK [-1][-]{part.3}{III\040Author's\040measurements}{}% 42
\BOOKMARK [0][-]{chapter.5}{Reconstruction\040of\040neutral\040strange\040particles\040with\040ALICE}{part.3}% 43
\BOOKMARK [1][-]{section.5.1}{Analysed\040datasets}{chapter.5}% 44
\BOOKMARK [1][-]{section.5.2}{Identification\040of\040V0\040s\040using\040ALICE}{chapter.5}% 45
\BOOKMARK [1][-]{section.5.3}{Signal\040extraction}{chapter.5}% 46
\BOOKMARK [2][-]{subsection.5.3.1}{Validation\040using\040simulations}{section.5.3}% 47
\BOOKMARK [1][-]{section.5.4}{Normalisation}{chapter.5}% 48
\BOOKMARK [1][-]{section.5.5}{Corrections\040to\040the\040reconstructed\040production}{chapter.5}% 49
\BOOKMARK [2][-]{subsection.5.5.1}{Secondary\040contribution\040correction}{section.5.5}% 50
\BOOKMARK [2][-]{subsection.5.5.2}{Reconstruction\040efficiency}{section.5.5}% 51
\BOOKMARK [1][-]{section.5.6}{Transverse\040momentum\040spectra}{chapter.5}% 52
\BOOKMARK [2][-]{subsection.5.6.1}{Comparisons\040with\040previously\040published\040results}{section.5.6}% 53
\BOOKMARK [1][-]{section.5.7}{Systematic\040uncertainties}{chapter.5}% 54
\BOOKMARK [2][-]{subsection.5.7.1}{Variation\040of\040selection\040criteria}{section.5.7}% 55
\BOOKMARK [2][-]{subsection.5.7.2}{Feeddown\040correction}{section.5.7}% 56
\BOOKMARK [1][-]{section.5.8}{Transverse\040spherocity}{chapter.5}% 57
\BOOKMARK [2][-]{subsection.5.8.1}{Motivation\040for\040studying\040event\040topology}{section.5.8}% 58
\BOOKMARK [2][-]{subsection.5.8.2}{SO\040and\040SO\(pT\040=\0401.0\)\040as\040experimental\040observables}{section.5.8}% 59
\BOOKMARK [2][-]{subsection.5.8.3}{Relationship\040between\040SO\(pT\040=\0401.0\)\040and\040SO}{section.5.8}% 60
\BOOKMARK [2][-]{subsection.5.8.4}{Track\040and\040event\040selection}{section.5.8}% 61
\BOOKMARK [2][-]{subsection.5.8.5}{Multiplicity\040selection\040and\040its\040interplay\040with\040SO\(pT\040=\0401.0\)}{section.5.8}% 62
\BOOKMARK [2][-]{subsection.5.8.6}{Comparison\040of\040V0\040production\040with\040MC\040generators}{section.5.8}% 63
\BOOKMARK [1][-]{section.5.9}{Systematic\040uncertainties}{chapter.5}% 64
\BOOKMARK [2][-]{subsection.5.9.1}{Experimental\040bias}{section.5.9}% 65
\BOOKMARK [2][-]{subsection.5.9.2}{Correlation\040of\040uncertainties\040with\040SO\(pT\040=\0401.0\)}{section.5.9}% 66
\BOOKMARK [2][-]{subsection.5.9.3}{Summary}{section.5.9}% 67
\BOOKMARK [1][-]{section.5.10}{Transverse\040momentum\040spectra\040vs.\040SO\(pT\040=\0401.0\)}{chapter.5}% 68
\BOOKMARK [2][-]{subsection.5.10.1}{Ratios\040of\040neutral\040kaons\040to\040charged\040kaons}{section.5.10}% 69
\BOOKMARK [1][-]{section.5.11}{Mean\040transverse\040momenta\040and\040integrated\040yields}{chapter.5}% 70
\BOOKMARK [1][-]{section.5.12}{Ratios\040to\040pions}{chapter.5}% 71
\BOOKMARK [1][-]{section.5.13}{Baryon-to-meson\040ratio}{chapter.5}% 72
\BOOKMARK [1][-]{section.5.14}{Ratio\040of\040integrated\040yields\040vs.\040SO\(pT\040=\0401.0\)}{chapter.5}% 73
\BOOKMARK [0][-]{chapter.6}{Underlying\040Event\040Activity}{part.3}% 74
\BOOKMARK [0][-]{chapter.7}{Discussion\040of\040results,\040conclusions,\040and\040outlooks}{part.3}% 75
\BOOKMARK [1][-]{section.7.1}{Summary\040of\040the\040research\040goals}{chapter.7}% 76
\BOOKMARK [1][-]{section.7.2}{Highlights\040of\040the\040SO\(pT\040=\0401.0\)\040measurement}{chapter.7}% 77
\BOOKMARK [1][-]{section.7.3}{Highlights\040of\040the\040RT\040measurements}{chapter.7}% 78
\BOOKMARK [1][-]{section.7.4}{Conclusions\040and\040Outlooks}{chapter.7}% 79
\BOOKMARK [-1][-]{part.4}{IV\040Appendices}{}% 80
\BOOKMARK [0][-]{appendix.A}{List\040of\040Acronyms}{part.4}% 81
\BOOKMARK [0][-]{appendix.B}{Mathematical\040Derivations}{part.4}% 82
\BOOKMARK [0][-]{appendix.C}{Complementary\040Material}{part.4}% 83
\BOOKMARK [0][-]{appendix.D}{Scientific\040Publications}{part.4}% 84
\BOOKMARK [1][-]{section*.84}{Author\040contributions}{appendix.D}% 85
\BOOKMARK [2][-]{section*.85}{Paper\040i:\040Title\040paper\0401}{section*.84}% 86
\BOOKMARK [2][-]{section*.86}{Paper\040ii:\040Title\040paper\0402}{section*.84}% 87
\BOOKMARK [1][-]{section*.86}{Paper\040i:\040Title\040paper\0401}{appendix.D}% 88
\BOOKMARK [1][-]{section*.86}{Paper\040ii:\040Title\040paper\0402}{appendix.D}% 89
\BOOKMARK [0][-]{appendix*.87}{References}{part.4}% 90
